<?xml version="1.0" encoding="UTF-8"?>
<!-- Generated by org.testng.reporters.JUnitReportReporter -->
<testsuite hostname="LAPTOP-5RVKDHMM" failures="0" tests="2" name="TestPage.dataProviderMySqlTest" time="15.684" errors="0" timestamp="2023-11-12T21:07:39 EST" skipped="0">
  <testcase classname="TestPage.dataProviderMySqlTest" name="SetUpTest" time="4.622"/>
  <testcase classname="TestPage.dataProviderMySqlTest" name="SetUpTest" time="11.062"/>
</testsuite> <!-- TestPage.dataProviderMySqlTest -->
