<?xml version="1.0" encoding="UTF-8"?>
<!-- Generated by org.testng.reporters.JUnitReportReporter -->
<testsuite hostname="LAPTOP-5RVKDHMM" failures="0" tests="2" name="TestPage.dataProviderMySqlTest" time="16.505" errors="0" timestamp="2023-11-06T20:57:17 EST" skipped="0">
  <testcase classname="TestPage.dataProviderMySqlTest" name="SetUpTest" time="5.253"/>
  <testcase classname="TestPage.dataProviderMySqlTest" name="SetUpTest" time="11.252"/>
</testsuite> <!-- TestPage.dataProviderMySqlTest -->
