<?xml version="1.0" encoding="UTF-8"?>
<!-- Generated by org.testng.reporters.JUnitReportReporter -->
<testsuite hostname="LAPTOP-5RVKDHMM" failures="0" tests="11" name="TestPage.TestPage" time="65.339" errors="0" timestamp="2023-10-30T18:42:23 EDT" skipped="0">
  <testcase classname="TestPage.TestPage" name="electronicsTab" time="15.499"/>
  <testcase classname="TestPage.TestPage" name="HTCimage" time="3.985"/>
  <testcase classname="TestPage.TestPage" name="clickAC" time="11.885"/>
  <testcase classname="TestPage.TestPage" name="termschkbtn" time="7.189"/>
  <testcase classname="TestPage.TestPage" name="guestbtn" time="0.701"/>
  <testcase classname="TestPage.TestPage" name="continuebtn1" time="4.390"/>
  <testcase classname="TestPage.TestPage" name="shippingnext" time="0.227"/>
  <testcase classname="TestPage.TestPage" name="continuebtn3" time="8.457"/>
  <testcase classname="TestPage.TestPage" name="continuebtn4" time="5.254"/>
  <testcase classname="TestPage.TestPage" name="confirm" time="2.240"/>
  <testcase classname="TestPage.TestPage" name="continuethank" time="5.512"/>
</testsuite> <!-- TestPage.TestPage -->
