<?xml version="1.0" encoding="UTF-8"?>
<!-- Generated by org.testng.reporters.JUnitReportReporter -->
<testsuite hostname="LAPTOP-5RVKDHMM" failures="0" tests="2" name="TestPage.dataProviderExcelTest" time="21.828" errors="0" timestamp="2023-11-12T21:06:59 EST" skipped="0">
  <testcase classname="TestPage.dataProviderExcelTest" name="setupbrowser" time="7.958"/>
  <testcase classname="TestPage.dataProviderExcelTest" name="setupbrowser" time="13.870"/>
</testsuite> <!-- TestPage.dataProviderExcelTest -->
