<?xml version="1.0" encoding="UTF-8"?>
<!-- Generated by org.testng.reporters.JUnitReportReporter -->
<testsuite hostname="LAPTOP-5RVKDHMM" failures="0" tests="2" name="TestPage.dataProviderExcelTest" time="24.292" errors="0" timestamp="2023-11-06T20:56:02 EST" skipped="0">
  <testcase classname="TestPage.dataProviderExcelTest" name="setupbrowser" time="15.544"/>
  <testcase classname="TestPage.dataProviderExcelTest" name="setupbrowser" time="8.748"/>
</testsuite> <!-- TestPage.dataProviderExcelTest -->
